2024-07-23 09:00:03,044 - INFO - IQ-TREE will not to be needed the analysis will be done on the already existing iqtree files.
2024-07-23 09:00:03,044 - INFO - Used IQ-TREE options:
2024-07-23 09:00:03,044 - INFO - -s /examples/examples_dna/dir_ML_tree/example_dna.fasta
2024-07-23 09:00:03,044 - INFO - 
2024-07-23 09:00:03,047 - INFO - Substitution Model: JC

Rate Matrix Q:
-1.0000	0.3333	0.3333	0.3333
0.3333	-1.0000	0.3333	0.3333
0.3333	0.3333	-1.0000	0.3333
0.3333	0.3333	0.3333	-1.0000
State Frequencies:
0.2500	0.2500	0.2500	0.2500

2024-07-23 09:00:03,048 - INFO - Spectral Decomposition:

Eigenvalue: -1.3333333333333328
Multiplicity: 3
Eigenvectors: 
0.0000	1.6125	-1.0297	-0.5828
0.0000	-0.2580	-1.2674	1.5255
-1.7321	0.5774	0.5774	0.5774

2024-07-23 09:00:03,048 - INFO - 
        Running tests and initial IQ-Tree with configurations:
        Model: JC
        Alpha: 0.01
        Running Saturation Test on file: /examples/examples_dna/dir_ML_tree/example_dna.fasta
        Number of rate categories: 1
        Considered rate category: all
        Multiplicity: 3
        Run test for saturation for each branch and category with 1 rate categories
        Results will be written to the directory: dir_ML_tree
        
2024-07-23 09:00:04,355 - INFO - Original Tree: (A1:0.0621711,A2:0.160897,((A3:0.0445287,A4:0.11819)Node3*:0.140177,(((A5:0.0700901,A6:0.0591425)Node6*:0.0702957,(A7:0.0386009,A8:0.0491455)Node7*:0.0402285)Node5*:0.00438521,((((B1:0.117869,B2:0.11077)Node11*:0.0987086,((B5:0.10121,B6:0.0223854)Node13*:0.201145,(B7:0.111385,B8:0.0724772)Node14*:0.0481191)Node12*:0.183942)Node10*:0.110924,B3:0.110564)Node9*:0.0458649,B4:2.3962e-06)Node8*:2.29048)Node4*:0.121673)Node2*:0.168237)Node1*:0;
2024-07-23 09:00:04,355 - INFO - Writing results for category rates to file: /examples/examples_dna/dir_ML_tree/example_dna.fasta_single_rate_0.01.satute
2024-07-23 09:00:04,355 - INFO - Tree for rate category single_rate: (A1:0.0621711,A2:0.160897,((A3:0.0445287,A4:0.11819)Node3*:0.140177,(((A5:0.0700901,A6:0.0591425)Node6*:0.0702957,(A7:0.0386009,A8:0.0491455)Node7*:0.0402285)Node5*:0.00438521,((((B1:0.117869,B2:0.11077)Node11*:0.0987086,((B5:0.10121,B6:0.0223854)Node13*:0.201145,(B7:0.111385,B8:0.0724772)Node14*:0.0481191)Node12*:0.183942)Node10*:0.110924,B3:0.110564)Node9*:0.0458649,B4:2.3962e-06)Node8*:2.29048)Node4*:0.121673)Node2*:0.168237)Node1*:0;
2024-07-23 09:00:04,361 - INFO - Nexus file written successfully: /examples/examples_dna/dir_ML_tree/example_dna.fasta_single_rate_0.01.satute.nex
2024-07-23 09:00:04,361 - INFO - Saturation Test Results for rate category mapped to tree in Nexus file: /examples/examples_dna/dir_ML_tree/example_dna.fasta_single_rate_0.01.satute.nex
2024-07-23 09:00:04,361 - INFO - Results saved to CSV file: /examples/examples_dna/dir_ML_tree/example_dna.fasta_single_rate_0.01.satute.csv
2024-07-23 09:00:04,362 - INFO - Rate single_rate has 1000 Sites
