2024-07-23 08:59:59,058 - INFO - IQ-TREE will not to be needed the analysis will be done on the already existing iqtree files.
2024-07-23 08:59:59,058 - INFO - Used IQ-TREE options:
2024-07-23 08:59:59,058 - INFO - -s /examples/examples_dna/dir_true_tree/example_dna.fasta
2024-07-23 08:59:59,058 - INFO - 
2024-07-23 08:59:59,098 - INFO - Substitution Model: JC

Rate Matrix Q:
-1.0000	0.3333	0.3333	0.3333
0.3333	-1.0000	0.3333	0.3333
0.3333	0.3333	-1.0000	0.3333
0.3333	0.3333	0.3333	-1.0000
State Frequencies:
0.2500	0.2500	0.2500	0.2500

2024-07-23 08:59:59,098 - INFO - Spectral Decomposition:

Eigenvalue: -1.3333333333333328
Multiplicity: 3
Eigenvectors: 
0.0000	1.6125	-1.0297	-0.5828
0.0000	-0.2580	-1.2674	1.5255
-1.7321	0.5774	0.5774	0.5774

2024-07-23 08:59:59,098 - INFO - 
        Running tests and initial IQ-Tree with configurations:
        Model: JC
        Alpha: 0.05
        Running Saturation Test on file: /examples/examples_dna/dir_true_tree/example_dna.fasta
        Number of rate categories: 1
        Considered rate category: all
        Multiplicity: 3
        Run test for saturation for each branch and category with 1 rate categories
        Results will be written to the directory: dir_true_tree
        
2024-07-23 09:00:00,380 - INFO - Original Tree: (A1:0.0808815,A2:0.142611,((A3:0.0584646,A4:0.0951716)NodeA34*:0.120081,(((A5:0.0628936,A6:0.0604933)NodeA56*:0.0745015,(A7:0.0539545,A8:0.05329)NodeA78*:0.0533933)NodeA5678*:0.0510845,(((B1:0.114325,B2:0.0852386)NodeB12*:0.0841311,(B3:0.108061,B4:0.0456498)NodeB34*:0.101354)NodeB1234*:0.117324,((B5:0.094963,B6:0.0434731)NodeB56*:0.190994,(B7:0.11244,B8:0.0511017)NodeB78*:0.0578483)NodeB5678*:0.0483395)NodeBroot*:2)NodeAroot*:0.0795291)NodeA1234*:0.177477)NodeA12*:0;
2024-07-23 09:00:00,380 - INFO - Writing results for category rates to file: /examples/examples_dna/dir_true_tree/example_dna.fasta_single_rate_0.05.satute
2024-07-23 09:00:00,380 - INFO - Tree for rate category single_rate: (A1:0.0808815,A2:0.142611,((A3:0.0584646,A4:0.0951716)NodeA34*:0.120081,(((A5:0.0628936,A6:0.0604933)NodeA56*:0.0745015,(A7:0.0539545,A8:0.05329)NodeA78*:0.0533933)NodeA5678*:0.0510845,(((B1:0.114325,B2:0.0852386)NodeB12*:0.0841311,(B3:0.108061,B4:0.0456498)NodeB34*:0.101354)NodeB1234*:0.117324,((B5:0.094963,B6:0.0434731)NodeB56*:0.190994,(B7:0.11244,B8:0.0511017)NodeB78*:0.0578483)NodeB5678*:0.0483395)NodeBroot*:2)NodeAroot*:0.0795291)NodeA1234*:0.177477)NodeA12*:0;
2024-07-23 09:00:00,389 - INFO - Nexus file written successfully: /examples/examples_dna/dir_true_tree/example_dna.fasta_single_rate_0.05.satute.nex
2024-07-23 09:00:00,389 - INFO - Saturation Test Results for rate category mapped to tree in Nexus file: /examples/examples_dna/dir_true_tree/example_dna.fasta_single_rate_0.05.satute.nex
2024-07-23 09:00:00,390 - INFO - Results saved to CSV file: /examples/examples_dna/dir_true_tree/example_dna.fasta_single_rate_0.05.satute.csv
2024-07-23 09:00:00,390 - INFO - Rate single_rate has 1000 Sites
